  Camera.cpp
  Draw.cpp
C:\Users\jiasheng.huang\Documents\GitHub\MySoftRender\SoftRender\Globel.h(10,10): fatal error C1083: 无法打开包括文件: “SDL.h”: No such file or directory
  graphic.cpp
C:\Users\jiasheng.huang\Documents\GitHub\MySoftRender\SoftRender\Globel.h(10,10): fatal error C1083: 无法打开包括文件: “SDL.h”: No such file or directory
  Light.cpp
C:\Users\jiasheng.huang\Documents\GitHub\MySoftRender\SoftRender\Globel.h(10,10): fatal error C1083: 无法打开包括文件: “SDL.h”: No such file or directory
  main.cpp
C:\Users\jiasheng.huang\Documents\GitHub\MySoftRender\SoftRender\Globel.h(10,10): fatal error C1083: 无法打开包括文件: “SDL.h”: No such file or directory
  Material.cpp
C:\Users\jiasheng.huang\Documents\GitHub\MySoftRender\SoftRender\Globel.h(10,10): fatal error C1083: 无法打开包括文件: “SDL.h”: No such file or directory
  Math.cpp
  Mesh.cpp
C:\Users\jiasheng.huang\Documents\GitHub\MySoftRender\SoftRender\Globel.h(10,10): fatal error C1083: 无法打开包括文件: “SDL.h”: No such file or directory
  Model.cpp
C:\Users\jiasheng.huang\Documents\GitHub\MySoftRender\SoftRender\Globel.h(10,10): fatal error C1083: 无法打开包括文件: “SDL.h”: No such file or directory
  Object.cpp
C:\Users\jiasheng.huang\Documents\GitHub\MySoftRender\SoftRender\Globel.h(10,10): fatal error C1083: 无法打开包括文件: “SDL.h”: No such file or directory
  Shader.cpp
C:\Users\jiasheng.huang\Documents\GitHub\MySoftRender\SoftRender\Globel.h(10,10): fatal error C1083: 无法打开包括文件: “SDL.h”: No such file or directory
  Texture.cpp
C:\Users\jiasheng.huang\Documents\GitHub\MySoftRender\Texture.cpp(34,31): warning C4244: “参数”: 从“float”转换到“int”，可能丢失数据
C:\Users\jiasheng.huang\Documents\GitHub\MySoftRender\Texture.cpp(34,20): warning C4244: “参数”: 从“float”转换到“int”，可能丢失数据
  正在生成代码...
