  Camera.cpp
  Draw.cpp
C:\Users\jiasheng.huang\Documents\GitHub\SoftRender0.2\SoftRender\Globel.h(18,22): warning C4091: “extern ”: 没有声明变量时忽略“Material”的左侧
C:\Users\jiasheng.huang\Documents\GitHub\SoftRender0.2\SoftRender\Globel.h(22,28): warning C4091: “extern ”: 没有声明变量时忽略“DirectionLight”的左侧
C:\Users\jiasheng.huang\Documents\GitHub\SoftRender0.2\SoftRender\Globel.h(26,24): warning C4091: “extern ”: 没有声明变量时忽略“PointLight”的左侧
C:\Users\jiasheng.huang\Documents\GitHub\SoftRender0.2\SoftRender\Globel.h(30,23): warning C4091: “extern ”: 没有声明变量时忽略“SpotLight”的左侧
C:\Users\jiasheng.huang\Documents\GitHub\SoftRender0.2\SoftRender\Globel.h(34,20): warning C4091: “extern ”: 没有声明变量时忽略“Shader”的左侧
C:\Users\jiasheng.huang\Documents\GitHub\SoftRender0.2\SoftRender\Globel.h(38,20): warning C4091: “extern ”: 没有声明变量时忽略“Camera”的左侧
C:\Users\jiasheng.huang\Documents\GitHub\SoftRender0.2\SoftRender\Globel.h(50,25): warning C4091: “extern ”: 没有声明变量时忽略“FrameBuffer”的左侧
C:\Users\jiasheng.huang\Documents\GitHub\SoftRender0.2\Draw.cpp(67,20): warning C4018: “<”: 有符号/无符号不匹配
C:\Users\jiasheng.huang\Documents\GitHub\SoftRender0.2\Draw.cpp(123,20): warning C4018: “<”: 有符号/无符号不匹配
C:\Users\jiasheng.huang\Documents\GitHub\SoftRender0.2\Draw.cpp(176,10): warning C4244: “初始化”: 从“T”转换到“int”，可能丢失数据
          with
          [
              T=float
          ]
C:\Users\jiasheng.huang\Documents\GitHub\SoftRender0.2\Draw.cpp(178,42): warning C4244: “参数”: 从“T”转换到“int”，可能丢失数据
          with
          [
              T=float
          ]
C:\Users\jiasheng.huang\Documents\GitHub\SoftRender0.2\Draw.cpp(178,27): warning C4244: “参数”: 从“T”转换到“int”，可能丢失数据
          with
          [
              T=float
          ]
  graphic.cpp
C:\Users\jiasheng.huang\Documents\GitHub\SoftRender0.2\SoftRender\Globel.h(18,22): warning C4091: “extern ”: 没有声明变量时忽略“Material”的左侧
C:\Users\jiasheng.huang\Documents\GitHub\SoftRender0.2\SoftRender\Globel.h(22,28): warning C4091: “extern ”: 没有声明变量时忽略“DirectionLight”的左侧
C:\Users\jiasheng.huang\Documents\GitHub\SoftRender0.2\SoftRender\Globel.h(26,24): warning C4091: “extern ”: 没有声明变量时忽略“PointLight”的左侧
C:\Users\jiasheng.huang\Documents\GitHub\SoftRender0.2\SoftRender\Globel.h(30,23): warning C4091: “extern ”: 没有声明变量时忽略“SpotLight”的左侧
C:\Users\jiasheng.huang\Documents\GitHub\SoftRender0.2\SoftRender\Globel.h(34,20): warning C4091: “extern ”: 没有声明变量时忽略“Shader”的左侧
C:\Users\jiasheng.huang\Documents\GitHub\SoftRender0.2\SoftRender\Globel.h(38,20): warning C4091: “extern ”: 没有声明变量时忽略“Camera”的左侧
C:\Users\jiasheng.huang\Documents\GitHub\SoftRender0.2\SoftRender\Globel.h(50,25): warning C4091: “extern ”: 没有声明变量时忽略“FrameBuffer”的左侧
C:\Users\jiasheng.huang\Documents\GitHub\SoftRender0.2\graphic.cpp(30,19): warning C4244: “=”: 从“const T”转换到“char”，可能丢失数据
          with
          [
              T=float
          ]
C:\Users\jiasheng.huang\Documents\GitHub\SoftRender0.2\graphic.cpp(31,23): warning C4244: “=”: 从“const T”转换到“char”，可能丢失数据
          with
          [
              T=float
          ]
C:\Users\jiasheng.huang\Documents\GitHub\SoftRender0.2\graphic.cpp(32,23): warning C4244: “=”: 从“const T”转换到“char”，可能丢失数据
          with
          [
              T=float
          ]
C:\Users\jiasheng.huang\Documents\GitHub\SoftRender0.2\graphic.cpp(33,23): warning C4244: “=”: 从“const T”转换到“char”，可能丢失数据
          with
          [
              T=float
          ]
C:\Users\jiasheng.huang\Documents\GitHub\SoftRender0.2\graphic.cpp(51,14): warning C4244: “=”: 从“T”转换到“int”，可能丢失数据
          with
          [
              T=float
          ]
C:\Users\jiasheng.huang\Documents\GitHub\SoftRender0.2\graphic.cpp(52,14): warning C4244: “=”: 从“T”转换到“int”，可能丢失数据
          with
          [
              T=float
          ]
C:\Users\jiasheng.huang\Documents\GitHub\SoftRender0.2\graphic.cpp(53,14): warning C4244: “=”: 从“T”转换到“int”，可能丢失数据
          with
          [
              T=float
          ]
C:\Users\jiasheng.huang\Documents\GitHub\SoftRender0.2\graphic.cpp(54,14): warning C4244: “=”: 从“T”转换到“int”，可能丢失数据
          with
          [
              T=float
          ]
C:\Users\jiasheng.huang\Documents\GitHub\SoftRender0.2\graphic.cpp(150,27): warning C4244: “=”: 从“int”转换到“T”，可能丢失数据
          with
          [
              T=float
          ]
C:\Users\jiasheng.huang\Documents\GitHub\SoftRender0.2\graphic.cpp(151,12): warning C4244: “初始化”: 从“T”转换到“int”，可能丢失数据
          with
          [
              T=float
          ]
C:\Users\jiasheng.huang\Documents\GitHub\SoftRender0.2\graphic.cpp(152,14): warning C4244: “初始化”: 从“T”转换到“int”，可能丢失数据
          with
          [
              T=float
          ]
C:\Users\jiasheng.huang\Documents\GitHub\SoftRender0.2\graphic.cpp(169,30): warning C4244: “=”: 从“int”转换到“T”，可能丢失数据
          with
          [
              T=float
          ]
C:\Users\jiasheng.huang\Documents\GitHub\SoftRender0.2\graphic.cpp(170,31): warning C4244: “=”: 从“int”转换到“T”，可能丢失数据
          with
          [
              T=float
          ]
C:\Users\jiasheng.huang\Documents\GitHub\SoftRender0.2\graphic.cpp(171,50): warning C4244: “=”: 从“int”转换到“T”，可能丢失数据
          with
          [
              T=float
          ]
C:\Users\jiasheng.huang\Documents\GitHub\SoftRender0.2\graphic.cpp(190,28): warning C4244: “=”: 从“int”转换到“T”，可能丢失数据
          with
          [
              T=float
          ]
C:\Users\jiasheng.huang\Documents\GitHub\SoftRender0.2\graphic.cpp(191,29): warning C4244: “=”: 从“int”转换到“T”，可能丢失数据
          with
          [
              T=float
          ]
C:\Users\jiasheng.huang\Documents\GitHub\SoftRender0.2\graphic.cpp(192,48): warning C4244: “=”: 从“int”转换到“T”，可能丢失数据
          with
          [
              T=float
          ]
C:\Users\jiasheng.huang\Documents\GitHub\SoftRender0.2\graphic.cpp(211,30): warning C4244: “=”: 从“int”转换到“T”，可能丢失数据
          with
          [
              T=float
          ]
C:\Users\jiasheng.huang\Documents\GitHub\SoftRender0.2\graphic.cpp(212,31): warning C4244: “=”: 从“int”转换到“T”，可能丢失数据
          with
          [
              T=float
          ]
C:\Users\jiasheng.huang\Documents\GitHub\SoftRender0.2\graphic.cpp(213,50): warning C4244: “=”: 从“int”转换到“T”，可能丢失数据
          with
          [
              T=float
          ]
C:\Users\jiasheng.huang\Documents\GitHub\SoftRender0.2\graphic.cpp(233,30): warning C4244: “=”: 从“int”转换到“T”，可能丢失数据
          with
          [
              T=float
          ]
C:\Users\jiasheng.huang\Documents\GitHub\SoftRender0.2\graphic.cpp(234,31): warning C4244: “=”: 从“int”转换到“T”，可能丢失数据
          with
          [
              T=float
          ]
C:\Users\jiasheng.huang\Documents\GitHub\SoftRender0.2\graphic.cpp(235,50): warning C4244: “=”: 从“int”转换到“T”，可能丢失数据
          with
          [
              T=float
          ]
C:\Users\jiasheng.huang\Documents\GitHub\SoftRender0.2\graphic.cpp(254,30): warning C4244: “=”: 从“int”转换到“T”，可能丢失数据
          with
          [
              T=float
          ]
C:\Users\jiasheng.huang\Documents\GitHub\SoftRender0.2\graphic.cpp(255,31): warning C4244: “=”: 从“int”转换到“T”，可能丢失数据
          with
          [
              T=float
          ]
C:\Users\jiasheng.huang\Documents\GitHub\SoftRender0.2\graphic.cpp(256,50): warning C4244: “=”: 从“int”转换到“T”，可能丢失数据
          with
          [
              T=float
          ]
C:\Users\jiasheng.huang\Documents\GitHub\SoftRender0.2\graphic.cpp(275,30): warning C4244: “=”: 从“int”转换到“T”，可能丢失数据
          with
          [
              T=float
          ]
C:\Users\jiasheng.huang\Documents\GitHub\SoftRender0.2\graphic.cpp(276,31): warning C4244: “=”: 从“int”转换到“T”，可能丢失数据
          with
          [
              T=float
          ]
C:\Users\jiasheng.huang\Documents\GitHub\SoftRender0.2\graphic.cpp(277,50): warning C4244: “=”: 从“int”转换到“T”，可能丢失数据
          with
          [
              T=float
          ]
C:\Users\jiasheng.huang\Documents\GitHub\SoftRender0.2\graphic.cpp(296,30): warning C4244: “=”: 从“int”转换到“T”，可能丢失数据
          with
          [
              T=float
          ]
C:\Users\jiasheng.huang\Documents\GitHub\SoftRender0.2\graphic.cpp(297,31): warning C4244: “=”: 从“int”转换到“T”，可能丢失数据
          with
          [
              T=float
          ]
C:\Users\jiasheng.huang\Documents\GitHub\SoftRender0.2\graphic.cpp(298,50): warning C4244: “=”: 从“int”转换到“T”，可能丢失数据
          with
          [
              T=float
          ]
C:\Users\jiasheng.huang\Documents\GitHub\SoftRender0.2\graphic.cpp(317,30): warning C4244: “=”: 从“int”转换到“T”，可能丢失数据
          with
          [
              T=float
          ]
C:\Users\jiasheng.huang\Documents\GitHub\SoftRender0.2\graphic.cpp(318,31): warning C4244: “=”: 从“int”转换到“T”，可能丢失数据
          with
          [
              T=float
          ]
C:\Users\jiasheng.huang\Documents\GitHub\SoftRender0.2\graphic.cpp(319,50): warning C4244: “=”: 从“int”转换到“T”，可能丢失数据
          with
          [
              T=float
          ]
C:\Users\jiasheng.huang\Documents\GitHub\SoftRender0.2\graphic.cpp(336,12): warning C4244: “初始化”: 从“T”转换到“int”，可能丢失数据
          with
          [
              T=float
          ]
C:\Users\jiasheng.huang\Documents\GitHub\SoftRender0.2\graphic.cpp(337,14): warning C4244: “初始化”: 从“T”转换到“int”，可能丢失数据
          with
          [
              T=float
          ]
C:\Users\jiasheng.huang\Documents\GitHub\SoftRender0.2\graphic.cpp(354,30): warning C4244: “=”: 从“int”转换到“T”，可能丢失数据
          with
          [
              T=float
          ]
C:\Users\jiasheng.huang\Documents\GitHub\SoftRender0.2\graphic.cpp(355,31): warning C4244: “=”: 从“int”转换到“T”，可能丢失数据
          with
          [
              T=float
          ]
C:\Users\jiasheng.huang\Documents\GitHub\SoftRender0.2\graphic.cpp(356,50): warning C4244: “=”: 从“int”转换到“T”，可能丢失数据
          with
          [
              T=float
          ]
C:\Users\jiasheng.huang\Documents\GitHub\SoftRender0.2\graphic.cpp(374,30): warning C4244: “=”: 从“int”转换到“T”，可能丢失数据
          with
          [
              T=float
          ]
C:\Users\jiasheng.huang\Documents\GitHub\SoftRender0.2\graphic.cpp(375,31): warning C4244: “=”: 从“int”转换到“T”，可能丢失数据
          with
          [
              T=float
          ]
C:\Users\jiasheng.huang\Documents\GitHub\SoftRender0.2\graphic.cpp(376,50): warning C4244: “=”: 从“int”转换到“T”，可能丢失数据
          with
          [
              T=float
          ]
C:\Users\jiasheng.huang\Documents\GitHub\SoftRender0.2\graphic.cpp(394,29): warning C4244: “=”: 从“int”转换到“T”，可能丢失数据
          with
          [
              T=float
          ]
C:\Users\jiasheng.huang\Documents\GitHub\SoftRender0.2\graphic.cpp(395,30): warning C4244: “=”: 从“int”转换到“T”，可能丢失数据
          with
          [
              T=float
          ]
C:\Users\jiasheng.huang\Documents\GitHub\SoftRender0.2\graphic.cpp(396,49): warning C4244: “=”: 从“int”转换到“T”，可能丢失数据
          with
          [
              T=float
          ]
C:\Users\jiasheng.huang\Documents\GitHub\SoftRender0.2\graphic.cpp(415,29): warning C4244: “=”: 从“int”转换到“T”，可能丢失数据
          with
          [
              T=float
          ]
C:\Users\jiasheng.huang\Documents\GitHub\SoftRender0.2\graphic.cpp(416,30): warning C4244: “=”: 从“int”转换到“T”，可能丢失数据
          with
          [
              T=float
          ]
C:\Users\jiasheng.huang\Documents\GitHub\SoftRender0.2\graphic.cpp(417,49): warning C4244: “=”: 从“int”转换到“T”，可能丢失数据
          with
          [
              T=float
          ]
C:\Users\jiasheng.huang\Documents\GitHub\SoftRender0.2\graphic.cpp(436,29): warning C4244: “=”: 从“int”转换到“T”，可能丢失数据
          with
          [
              T=float
          ]
C:\Users\jiasheng.huang\Documents\GitHub\SoftRender0.2\graphic.cpp(437,30): warning C4244: “=”: 从“int”转换到“T”，可能丢失数据
          with
          [
              T=float
          ]
C:\Users\jiasheng.huang\Documents\GitHub\SoftRender0.2\graphic.cpp(438,49): warning C4244: “=”: 从“int”转换到“T”，可能丢失数据
          with
          [
              T=float
          ]
C:\Users\jiasheng.huang\Documents\GitHub\SoftRender0.2\graphic.cpp(457,29): warning C4244: “=”: 从“int”转换到“T”，可能丢失数据
          with
          [
              T=float
          ]
C:\Users\jiasheng.huang\Documents\GitHub\SoftRender0.2\graphic.cpp(458,30): warning C4244: “=”: 从“int”转换到“T”，可能丢失数据
          with
          [
              T=float
          ]
C:\Users\jiasheng.huang\Documents\GitHub\SoftRender0.2\graphic.cpp(459,49): warning C4244: “=”: 从“int”转换到“T”，可能丢失数据
          with
          [
              T=float
          ]
C:\Users\jiasheng.huang\Documents\GitHub\SoftRender0.2\graphic.cpp(478,29): warning C4244: “=”: 从“int”转换到“T”，可能丢失数据
          with
          [
              T=float
          ]
C:\Users\jiasheng.huang\Documents\GitHub\SoftRender0.2\graphic.cpp(479,30): warning C4244: “=”: 从“int”转换到“T”，可能丢失数据
          with
          [
              T=float
          ]
C:\Users\jiasheng.huang\Documents\GitHub\SoftRender0.2\graphic.cpp(480,49): warning C4244: “=”: 从“int”转换到“T”，可能丢失数据
          with
          [
              T=float
          ]
C:\Users\jiasheng.huang\Documents\GitHub\SoftRender0.2\graphic.cpp(499,29): warning C4244: “=”: 从“int”转换到“T”，可能丢失数据
          with
          [
              T=float
          ]
C:\Users\jiasheng.huang\Documents\GitHub\SoftRender0.2\graphic.cpp(500,30): warning C4244: “=”: 从“int”转换到“T”，可能丢失数据
          with
          [
              T=float
          ]
C:\Users\jiasheng.huang\Documents\GitHub\SoftRender0.2\graphic.cpp(501,49): warning C4244: “=”: 从“int”转换到“T”，可能丢失数据
          with
          [
              T=float
          ]
  Light.cpp
C:\Users\jiasheng.huang\Documents\GitHub\SoftRender0.2\SoftRender\Globel.h(18,22): warning C4091: “extern ”: 没有声明变量时忽略“Material”的左侧
C:\Users\jiasheng.huang\Documents\GitHub\SoftRender0.2\SoftRender\Globel.h(22,28): warning C4091: “extern ”: 没有声明变量时忽略“DirectionLight”的左侧
C:\Users\jiasheng.huang\Documents\GitHub\SoftRender0.2\SoftRender\Globel.h(26,24): warning C4091: “extern ”: 没有声明变量时忽略“PointLight”的左侧
C:\Users\jiasheng.huang\Documents\GitHub\SoftRender0.2\SoftRender\Globel.h(30,23): warning C4091: “extern ”: 没有声明变量时忽略“SpotLight”的左侧
C:\Users\jiasheng.huang\Documents\GitHub\SoftRender0.2\SoftRender\Globel.h(34,20): warning C4091: “extern ”: 没有声明变量时忽略“Shader”的左侧
C:\Users\jiasheng.huang\Documents\GitHub\SoftRender0.2\SoftRender\Globel.h(38,20): warning C4091: “extern ”: 没有声明变量时忽略“Camera”的左侧
C:\Users\jiasheng.huang\Documents\GitHub\SoftRender0.2\SoftRender\Globel.h(50,25): warning C4091: “extern ”: 没有声明变量时忽略“FrameBuffer”的左侧
C:\Users\jiasheng.huang\Documents\GitHub\SoftRender0.2\Light.cpp(66,15): warning C4244: “初始化”: 从“double”转换到“float”，可能丢失数据
C:\Users\jiasheng.huang\Documents\GitHub\SoftRender0.2\Light.cpp(110,15): warning C4244: “初始化”: 从“double”转换到“float”，可能丢失数据
  main.cpp
C:\Users\jiasheng.huang\Documents\GitHub\SoftRender0.2\SoftRender\Globel.h(18,22): warning C4091: “extern ”: 没有声明变量时忽略“Material”的左侧
C:\Users\jiasheng.huang\Documents\GitHub\SoftRender0.2\SoftRender\Globel.h(22,28): warning C4091: “extern ”: 没有声明变量时忽略“DirectionLight”的左侧
C:\Users\jiasheng.huang\Documents\GitHub\SoftRender0.2\SoftRender\Globel.h(26,24): warning C4091: “extern ”: 没有声明变量时忽略“PointLight”的左侧
C:\Users\jiasheng.huang\Documents\GitHub\SoftRender0.2\SoftRender\Globel.h(30,23): warning C4091: “extern ”: 没有声明变量时忽略“SpotLight”的左侧
C:\Users\jiasheng.huang\Documents\GitHub\SoftRender0.2\SoftRender\Globel.h(34,20): warning C4091: “extern ”: 没有声明变量时忽略“Shader”的左侧
C:\Users\jiasheng.huang\Documents\GitHub\SoftRender0.2\SoftRender\Globel.h(38,20): warning C4091: “extern ”: 没有声明变量时忽略“Camera”的左侧
C:\Users\jiasheng.huang\Documents\GitHub\SoftRender0.2\SoftRender\Globel.h(50,25): warning C4091: “extern ”: 没有声明变量时忽略“FrameBuffer”的左侧
C:\Users\jiasheng.huang\Documents\GitHub\SoftRender0.2\main.cpp(50,16): warning C4244: “初始化”: 从“T”转换到“int”，可能丢失数据
          with
          [
              T=float
          ]
C:\Users\jiasheng.huang\Documents\GitHub\SoftRender0.2\main.cpp(59,71): warning C4244: “参数”: 从“T”转换到“const int”，可能丢失数据
          with
          [
              T=float
          ]
C:\Users\jiasheng.huang\Documents\GitHub\SoftRender0.2\main.cpp(59,56): warning C4244: “参数”: 从“T”转换到“const int”，可能丢失数据
          with
          [
              T=float
          ]
C:\Users\jiasheng.huang\Documents\GitHub\SoftRender0.2\main.cpp(68,63): warning C4244: “参数”: 从“T”转换到“const int”，可能丢失数据
          with
          [
              T=float
          ]
C:\Users\jiasheng.huang\Documents\GitHub\SoftRender0.2\main.cpp(68,48): warning C4244: “参数”: 从“T”转换到“const int”，可能丢失数据
          with
          [
              T=float
          ]
C:\Users\jiasheng.huang\Documents\GitHub\SoftRender0.2\main.cpp(72,63): warning C4244: “参数”: 从“T”转换到“const int”，可能丢失数据
          with
          [
              T=float
          ]
C:\Users\jiasheng.huang\Documents\GitHub\SoftRender0.2\main.cpp(72,48): warning C4244: “参数”: 从“T”转换到“const int”，可能丢失数据
          with
          [
              T=float
          ]
C:\Users\jiasheng.huang\Documents\GitHub\SoftRender0.2\main.cpp(147,23): warning C4101: “e”: 未引用的局部变量
  Material.cpp
C:\Users\jiasheng.huang\Documents\GitHub\SoftRender0.2\SoftRender\Globel.h(18,22): warning C4091: “extern ”: 没有声明变量时忽略“Material”的左侧
C:\Users\jiasheng.huang\Documents\GitHub\SoftRender0.2\SoftRender\Globel.h(22,28): warning C4091: “extern ”: 没有声明变量时忽略“DirectionLight”的左侧
C:\Users\jiasheng.huang\Documents\GitHub\SoftRender0.2\SoftRender\Globel.h(26,24): warning C4091: “extern ”: 没有声明变量时忽略“PointLight”的左侧
C:\Users\jiasheng.huang\Documents\GitHub\SoftRender0.2\SoftRender\Globel.h(30,23): warning C4091: “extern ”: 没有声明变量时忽略“SpotLight”的左侧
C:\Users\jiasheng.huang\Documents\GitHub\SoftRender0.2\SoftRender\Globel.h(34,20): warning C4091: “extern ”: 没有声明变量时忽略“Shader”的左侧
C:\Users\jiasheng.huang\Documents\GitHub\SoftRender0.2\SoftRender\Globel.h(38,20): warning C4091: “extern ”: 没有声明变量时忽略“Camera”的左侧
C:\Users\jiasheng.huang\Documents\GitHub\SoftRender0.2\SoftRender\Globel.h(50,25): warning C4091: “extern ”: 没有声明变量时忽略“FrameBuffer”的左侧
  Math.cpp
  Mesh.cpp
C:\Users\jiasheng.huang\Documents\GitHub\SoftRender0.2\SoftRender\Globel.h(18,22): warning C4091: “extern ”: 没有声明变量时忽略“Material”的左侧
C:\Users\jiasheng.huang\Documents\GitHub\SoftRender0.2\SoftRender\Globel.h(22,28): warning C4091: “extern ”: 没有声明变量时忽略“DirectionLight”的左侧
C:\Users\jiasheng.huang\Documents\GitHub\SoftRender0.2\SoftRender\Globel.h(26,24): warning C4091: “extern ”: 没有声明变量时忽略“PointLight”的左侧
C:\Users\jiasheng.huang\Documents\GitHub\SoftRender0.2\SoftRender\Globel.h(30,23): warning C4091: “extern ”: 没有声明变量时忽略“SpotLight”的左侧
C:\Users\jiasheng.huang\Documents\GitHub\SoftRender0.2\SoftRender\Globel.h(34,20): warning C4091: “extern ”: 没有声明变量时忽略“Shader”的左侧
C:\Users\jiasheng.huang\Documents\GitHub\SoftRender0.2\SoftRender\Globel.h(38,20): warning C4091: “extern ”: 没有声明变量时忽略“Camera”的左侧
C:\Users\jiasheng.huang\Documents\GitHub\SoftRender0.2\SoftRender\Globel.h(50,25): warning C4091: “extern ”: 没有声明变量时忽略“FrameBuffer”的左侧
C:\Users\jiasheng.huang\Documents\GitHub\SoftRender0.2\Mesh.cpp(33,20): warning C4018: “<”: 有符号/无符号不匹配
  Model.cpp
C:\Users\jiasheng.huang\Documents\GitHub\SoftRender0.2\SoftRender\Globel.h(18,22): warning C4091: “extern ”: 没有声明变量时忽略“Material”的左侧
C:\Users\jiasheng.huang\Documents\GitHub\SoftRender0.2\SoftRender\Globel.h(22,28): warning C4091: “extern ”: 没有声明变量时忽略“DirectionLight”的左侧
C:\Users\jiasheng.huang\Documents\GitHub\SoftRender0.2\SoftRender\Globel.h(26,24): warning C4091: “extern ”: 没有声明变量时忽略“PointLight”的左侧
C:\Users\jiasheng.huang\Documents\GitHub\SoftRender0.2\SoftRender\Globel.h(30,23): warning C4091: “extern ”: 没有声明变量时忽略“SpotLight”的左侧
C:\Users\jiasheng.huang\Documents\GitHub\SoftRender0.2\SoftRender\Globel.h(34,20): warning C4091: “extern ”: 没有声明变量时忽略“Shader”的左侧
C:\Users\jiasheng.huang\Documents\GitHub\SoftRender0.2\SoftRender\Globel.h(38,20): warning C4091: “extern ”: 没有声明变量时忽略“Camera”的左侧
C:\Users\jiasheng.huang\Documents\GitHub\SoftRender0.2\SoftRender\Globel.h(50,25): warning C4091: “extern ”: 没有声明变量时忽略“FrameBuffer”的左侧
C:\Users\jiasheng.huang\Documents\GitHub\SoftRender0.2\Model.cpp(91,16): warning C4018: “>”: 有符号/无符号不匹配
C:\Users\jiasheng.huang\Documents\GitHub\SoftRender0.2\Model.cpp(91,44): warning C4018: “>”: 有符号/无符号不匹配
C:\Users\jiasheng.huang\Documents\GitHub\SoftRender0.2\Model.cpp(91,74): warning C4018: “>”: 有符号/无符号不匹配
  Object.cpp
C:\Users\jiasheng.huang\Documents\GitHub\SoftRender0.2\SoftRender\Globel.h(18,22): warning C4091: “extern ”: 没有声明变量时忽略“Material”的左侧
C:\Users\jiasheng.huang\Documents\GitHub\SoftRender0.2\SoftRender\Globel.h(22,28): warning C4091: “extern ”: 没有声明变量时忽略“DirectionLight”的左侧
C:\Users\jiasheng.huang\Documents\GitHub\SoftRender0.2\SoftRender\Globel.h(26,24): warning C4091: “extern ”: 没有声明变量时忽略“PointLight”的左侧
C:\Users\jiasheng.huang\Documents\GitHub\SoftRender0.2\SoftRender\Globel.h(30,23): warning C4091: “extern ”: 没有声明变量时忽略“SpotLight”的左侧
C:\Users\jiasheng.huang\Documents\GitHub\SoftRender0.2\SoftRender\Globel.h(34,20): warning C4091: “extern ”: 没有声明变量时忽略“Shader”的左侧
C:\Users\jiasheng.huang\Documents\GitHub\SoftRender0.2\SoftRender\Globel.h(38,20): warning C4091: “extern ”: 没有声明变量时忽略“Camera”的左侧
C:\Users\jiasheng.huang\Documents\GitHub\SoftRender0.2\SoftRender\Globel.h(50,25): warning C4091: “extern ”: 没有声明变量时忽略“FrameBuffer”的左侧
  Shader.cpp
C:\Users\jiasheng.huang\Documents\GitHub\SoftRender0.2\SoftRender\Globel.h(18,22): warning C4091: “extern ”: 没有声明变量时忽略“Material”的左侧
C:\Users\jiasheng.huang\Documents\GitHub\SoftRender0.2\SoftRender\Globel.h(22,28): warning C4091: “extern ”: 没有声明变量时忽略“DirectionLight”的左侧
C:\Users\jiasheng.huang\Documents\GitHub\SoftRender0.2\SoftRender\Globel.h(26,24): warning C4091: “extern ”: 没有声明变量时忽略“PointLight”的左侧
C:\Users\jiasheng.huang\Documents\GitHub\SoftRender0.2\SoftRender\Globel.h(30,23): warning C4091: “extern ”: 没有声明变量时忽略“SpotLight”的左侧
C:\Users\jiasheng.huang\Documents\GitHub\SoftRender0.2\SoftRender\Globel.h(34,20): warning C4091: “extern ”: 没有声明变量时忽略“Shader”的左侧
C:\Users\jiasheng.huang\Documents\GitHub\SoftRender0.2\SoftRender\Globel.h(38,20): warning C4091: “extern ”: 没有声明变量时忽略“Camera”的左侧
C:\Users\jiasheng.huang\Documents\GitHub\SoftRender0.2\SoftRender\Globel.h(50,25): warning C4091: “extern ”: 没有声明变量时忽略“FrameBuffer”的左侧
C:\Users\jiasheng.huang\Documents\GitHub\SoftRender0.2\Shader.cpp(11,11): warning C4101: “texture”: 未引用的局部变量
  Texture.cpp
C:\Users\jiasheng.huang\Documents\GitHub\SoftRender0.2\Texture.cpp(34,31): warning C4244: “参数”: 从“float”转换到“int”，可能丢失数据
C:\Users\jiasheng.huang\Documents\GitHub\SoftRender0.2\Texture.cpp(34,20): warning C4244: “参数”: 从“float”转换到“int”，可能丢失数据
  正在生成代码...
  SoftRender.vcxproj -> C:\Users\jiasheng.huang\Documents\GitHub\SoftRender0.2\Debug\SoftRender.exe
