c:\users\jiasheng.huang\documents\github\mysoftrender\softrender\debug\vc142.pdb
c:\users\jiasheng.huang\documents\github\mysoftrender\softrender\debug\vc142.idb
c:\users\jiasheng.huang\documents\github\mysoftrender\softrender\debug\main.obj
c:\users\jiasheng.huang\documents\github\mysoftrender\softrender\debug\graphic.obj
c:\users\jiasheng.huang\documents\github\mysoftrender\softrender\debug\mesh.obj
c:\users\jiasheng.huang\documents\github\mysoftrender\softrender\debug\math.obj
c:\users\jiasheng.huang\documents\github\mysoftrender\softrender\debug\draw.obj
c:\users\jiasheng.huang\documents\github\mysoftrender\softrender\debug\texture.obj
c:\users\jiasheng.huang\documents\github\mysoftrender\softrender\debug\camera.obj
c:\users\jiasheng.huang\documents\github\mysoftrender\softrender\debug\model.obj
c:\users\jiasheng.huang\documents\github\mysoftrender\softrender\debug\material.obj
c:\users\jiasheng.huang\documents\github\mysoftrender\softrender\debug\object.obj
c:\users\jiasheng.huang\documents\github\mysoftrender\softrender\debug\light.obj
c:\users\jiasheng.huang\documents\github\mysoftrender\softrender\debug\shader.obj
c:\users\jiasheng.huang\documents\github\mysoftrender\softrender\debug\shadow.obj
c:\users\jiasheng.huang\documents\github\softrender0.2\softrender\debug\vc142.pdb
c:\users\jiasheng.huang\documents\github\softrender0.2\softrender\debug\vc142.idb
c:\users\jiasheng.huang\documents\github\softrender0.2\softrender\debug\texture.obj
c:\users\jiasheng.huang\documents\github\softrender0.2\softrender\debug\shadow.obj
c:\users\jiasheng.huang\documents\github\softrender0.2\softrender\debug\shader.obj
c:\users\jiasheng.huang\documents\github\softrender0.2\softrender\debug\object.obj
c:\users\jiasheng.huang\documents\github\softrender0.2\softrender\debug\model.obj
c:\users\jiasheng.huang\documents\github\softrender0.2\softrender\debug\mesh.obj
c:\users\jiasheng.huang\documents\github\softrender0.2\softrender\debug\math.obj
c:\users\jiasheng.huang\documents\github\softrender0.2\softrender\debug\material.obj
c:\users\jiasheng.huang\documents\github\softrender0.2\softrender\debug\main.obj
c:\users\jiasheng.huang\documents\github\softrender0.2\softrender\debug\light.obj
c:\users\jiasheng.huang\documents\github\softrender0.2\softrender\debug\graphic.obj
c:\users\jiasheng.huang\documents\github\softrender0.2\softrender\debug\draw.obj
c:\users\jiasheng.huang\documents\github\softrender0.2\softrender\debug\camera.obj
c:\users\jiasheng.huang\documents\github\softrender0.2\softrender\debug\pbr.obj
c:\users\jiasheng.huang\documents\github\mysoftrender\debug\softrender.ilk
c:\users\jiasheng.huang\documents\github\mysoftrender\debug\softrender.exe
c:\users\jiasheng.huang\documents\github\mysoftrender\debug\softrender.pdb
c:\users\jiasheng.huang\documents\github\softrender0.2\debug\softrender.ilk
c:\users\jiasheng.huang\documents\github\softrender0.2\debug\softrender.exe
c:\users\jiasheng.huang\documents\github\softrender0.2\debug\softrender.pdb
c:\users\jiasheng.huang\documents\github\softrender0.2\softrender\debug\main.obj.enc
c:\users\jiasheng.huang\documents\github\softrender0.2\softrender\debug\texture.obj.enc
c:\users\jiasheng.huang\documents\github\softrender0.2\softrender\debug\softrender.ilk
c:\users\jiasheng.huang\documents\github\softrender0.2\softrender\debug\softrender.tlog\cl.command.1.tlog
c:\users\jiasheng.huang\documents\github\softrender0.2\softrender\debug\softrender.tlog\cl.read.1.tlog
c:\users\jiasheng.huang\documents\github\softrender0.2\softrender\debug\softrender.tlog\cl.write.1.tlog
c:\users\jiasheng.huang\documents\github\softrender0.2\softrender\debug\softrender.tlog\link.command.1.tlog
c:\users\jiasheng.huang\documents\github\softrender0.2\softrender\debug\softrender.tlog\link.read.1.tlog
c:\users\jiasheng.huang\documents\github\softrender0.2\softrender\debug\softrender.tlog\link.write.1.tlog
